<?xml version="1.0" encoding="UTF-8"?>
<!-- Generated by org.testng.reporters.JUnitReportReporter -->
<testsuite hostname="xav-101001034" name="com.test.automation.uiAutomation.homepage.WebTableHandling" tests="1" failures="0" timestamp="7 Aug 2018 09:12:41 GMT" time="15.167" errors="0">
  <testcase name="testMethod1" time="15.167" classname="com.test.automation.uiAutomation.homepage.WebTableHandling"/>
</testsuite> <!-- com.test.automation.uiAutomation.homepage.WebTableHandling -->
