<?xml version="1.0" encoding="UTF-8"?>
<!-- Generated by org.testng.reporters.JUnitReportReporter -->
<testsuite hostname="xav-101001034" name="com.test.automation.uiAutomation.demoqa.homepage.Test001" tests="1" failures="0" timestamp="26 Feb 2018 10:35:48 GMT" time="88.521" errors="0">
  <testcase name="applyForHomeLoanFromHomePage" time="88.521" classname="com.test.automation.uiAutomation.demoqa.homepage.Test001"/>
</testsuite> <!-- com.test.automation.uiAutomation.demoqa.homepage.Test001 -->
